mode: set
github.com/Ulbora/flicrent/flicrent.go:40.34,42.2 1 1
github.com/Ulbora/flicrent/flicrent.go:45.52,47.2 1 0
github.com/Ulbora/flicrent/flicrent.go:50.52,52.2 1 0
github.com/Ulbora/flicrent/flicrent.go:55.58,57.2 1 1
github.com/Ulbora/flicrent/flicrent.go:60.59,64.26 4 1
github.com/Ulbora/flicrent/flicrent.go:68.2,71.29 4 1
github.com/Ulbora/flicrent/flicrent.go:89.2,91.17 2 1
github.com/Ulbora/flicrent/flicrent.go:64.26,67.3 2 1
github.com/Ulbora/flicrent/flicrent.go:71.29,73.16 2 1
github.com/Ulbora/flicrent/flicrent.go:77.3,78.21 2 1
github.com/Ulbora/flicrent/flicrent.go:73.16,76.4 2 1
github.com/Ulbora/flicrent/flicrent.go:78.21,81.18 3 1
github.com/Ulbora/flicrent/flicrent.go:81.18,84.5 2 0
github.com/Ulbora/flicrent/flicrent.go:84.10,86.5 1 1
github.com/Ulbora/flicrent/flicrent.go:94.51,109.2 14 1
github.com/Ulbora/flicrent/flicrent.go:112.55,135.57 5 1
github.com/Ulbora/flicrent/flicrent.go:141.2,141.12 1 1
github.com/Ulbora/flicrent/flicrent.go:135.57,137.3 1 0
github.com/Ulbora/flicrent/flicrent.go:137.8,140.3 2 1
