mode: set
github.com/Ulbora/flicrent/flicrent.go:37.34,39.2 1 1
github.com/Ulbora/flicrent/flicrent.go:42.52,44.2 1 0
github.com/Ulbora/flicrent/flicrent.go:47.52,49.2 1 0
github.com/Ulbora/flicrent/flicrent.go:52.58,54.2 1 1
github.com/Ulbora/flicrent/flicrent.go:57.59,61.26 4 1
github.com/Ulbora/flicrent/flicrent.go:65.2,68.29 4 1
github.com/Ulbora/flicrent/flicrent.go:86.2,88.17 2 1
github.com/Ulbora/flicrent/flicrent.go:61.26,64.3 2 1
github.com/Ulbora/flicrent/flicrent.go:68.29,70.16 2 1
github.com/Ulbora/flicrent/flicrent.go:74.3,75.21 2 1
github.com/Ulbora/flicrent/flicrent.go:70.16,73.4 2 1
github.com/Ulbora/flicrent/flicrent.go:75.21,78.18 3 1
github.com/Ulbora/flicrent/flicrent.go:78.18,81.5 2 0
github.com/Ulbora/flicrent/flicrent.go:81.10,83.5 1 1
github.com/Ulbora/flicrent/flicrent.go:91.51,103.2 11 1
github.com/Ulbora/flicrent/flicrent.go:106.55,126.57 5 1
github.com/Ulbora/flicrent/flicrent.go:132.2,132.12 1 1
github.com/Ulbora/flicrent/flicrent.go:126.57,128.3 1 0
github.com/Ulbora/flicrent/flicrent.go:128.8,131.3 2 1
